<?xml version="1.0" encoding="UTF-8"?>
<testng-results ignored="0" total="3" passed="2" failed="1" skipped="0">
  <reporter-output>
  </reporter-output>
  <suite started-at="2024-10-29T14:48:26 EDT" name="FREE CRM Application Test Automation Test Suite" finished-at="2024-10-29T14:48:44 EDT" duration-ms="17676">
    <groups>
      <group name="smoke">
        <method signature="HomePageTest.homePageTitleTest()[pri:0, instance:com.crm.qa.testcases.HomePageTest@1169afe1]" name="homePageTitleTest" class="com.crm.qa.testcases.HomePageTest"/>
        <method signature="LoginPageTest.loginTest()[pri:2, instance:com.crm.qa.testcases.LoginPageTest@4a07d605]" name="loginTest" class="com.crm.qa.testcases.LoginPageTest"/>
      </group> <!-- smoke -->
      <group name="login">
        <method signature="LoginPageTest.loginPagetitleTest()[pri:1, instance:com.crm.qa.testcases.LoginPageTest@4a07d605]" name="loginPagetitleTest" class="com.crm.qa.testcases.LoginPageTest"/>
        <method signature="LoginPageTest.loginTest()[pri:2, instance:com.crm.qa.testcases.LoginPageTest@4a07d605]" name="loginTest" class="com.crm.qa.testcases.LoginPageTest"/>
      </group> <!-- login -->
      <group name="home">
        <method signature="HomePageTest.homePageTitleTest()[pri:0, instance:com.crm.qa.testcases.HomePageTest@1169afe1]" name="homePageTitleTest" class="com.crm.qa.testcases.HomePageTest"/>
      </group> <!-- home -->
    </groups>
    <test started-at="2024-10-29T14:48:26 EDT" name="Free CRM App Test Cases" finished-at="2024-10-29T14:48:44 EDT" duration-ms="17676">
      <class name="com.crm.qa.testcases.HomePageTest">
        <test-method is-config="true" signature="setup()[pri:0, instance:com.crm.qa.testcases.HomePageTest@1169afe1]" started-at="2024-10-29T14:48:36 EDT" name="setup" finished-at="2024-10-29T14:48:43 EDT" duration-ms="7464" status="PASS">
          <reporter-output>
          </reporter-output>
        </test-method> <!-- setup -->
        <test-method signature="homePageTitleTest()[pri:0, instance:com.crm.qa.testcases.HomePageTest@1169afe1]" started-at="2024-10-29T14:48:43 EDT" name="homePageTitleTest" finished-at="2024-10-29T14:48:43 EDT" duration-ms="11" status="FAIL">
          <exception class="java.lang.AssertionError">
            <message>
              <![CDATA[Home Page tile not matched expected [CRMPRO1] but found [CRMPRO]]]>
            </message>
            <full-stacktrace>
              <![CDATA[java.lang.AssertionError: Home Page tile not matched expected [CRMPRO1] but found [CRMPRO]
at org.testng.Assert.fail(Assert.java:111)
at org.testng.Assert.failNotEquals(Assert.java:1578)
at org.testng.Assert.assertEqualsImpl(Assert.java:150)
at org.testng.Assert.assertEquals(Assert.java:132)
at org.testng.Assert.assertEquals(Assert.java:656)
at com.crm.qa.testcases.HomePageTest.homePageTitleTest(HomePageTest.java:53)
at java.base/jdk.internal.reflect.NativeMethodAccessorImpl.invoke0(Native Method)
at java.base/jdk.internal.reflect.NativeMethodAccessorImpl.invoke(NativeMethodAccessorImpl.java:77)
at java.base/jdk.internal.reflect.DelegatingMethodAccessorImpl.invoke(DelegatingMethodAccessorImpl.java:43)
at java.base/java.lang.reflect.Method.invoke(Method.java:568)
at org.testng.internal.invokers.MethodInvocationHelper.invokeMethod(MethodInvocationHelper.java:141)
at org.testng.internal.invokers.TestInvoker.invokeMethod(TestInvoker.java:686)
at org.testng.internal.invokers.TestInvoker.invokeTestMethod(TestInvoker.java:230)
at org.testng.internal.invokers.MethodRunner.runInSequence(MethodRunner.java:63)
at org.testng.internal.invokers.TestInvoker$MethodInvocationAgent.invoke(TestInvoker.java:992)
at org.testng.internal.invokers.TestInvoker.invokeTestMethods(TestInvoker.java:203)
at org.testng.internal.invokers.TestMethodWorker.invokeTestMethods(TestMethodWorker.java:154)
at org.testng.internal.invokers.TestMethodWorker.run(TestMethodWorker.java:134)
at java.base/java.util.ArrayList.forEach(ArrayList.java:1511)
at org.testng.TestRunner.privateRun(TestRunner.java:739)
at org.testng.TestRunner.run(TestRunner.java:614)
at org.testng.SuiteRunner.runTest(SuiteRunner.java:421)
at org.testng.SuiteRunner.runSequentially(SuiteRunner.java:413)
at org.testng.SuiteRunner.privateRun(SuiteRunner.java:373)
at org.testng.SuiteRunner.run(SuiteRunner.java:312)
at org.testng.SuiteRunnerWorker.runSuite(SuiteRunnerWorker.java:52)
at org.testng.SuiteRunnerWorker.run(SuiteRunnerWorker.java:95)
at org.testng.TestNG.runSuitesSequentially(TestNG.java:1274)
at org.testng.TestNG.runSuitesLocally(TestNG.java:1208)
at org.testng.TestNG.runSuites(TestNG.java:1112)
at org.testng.TestNG.run(TestNG.java:1079)
at org.testng.remote.AbstractRemoteTestNG.run(AbstractRemoteTestNG.java:115)
at org.testng.remote.RemoteTestNG.initAndRun(RemoteTestNG.java:293)
at org.testng.remote.RemoteTestNG.main(RemoteTestNG.java:91)
]]>
            </full-stacktrace>
          </exception> <!-- java.lang.AssertionError -->
          <reporter-output>
          </reporter-output>
        </test-method> <!-- homePageTitleTest -->
        <test-method is-config="true" signature="teardown()[pri:0, instance:com.crm.qa.testcases.HomePageTest@1169afe1]" started-at="2024-10-29T14:48:43 EDT" name="teardown" finished-at="2024-10-29T14:48:44 EDT" duration-ms="163" status="PASS">
          <reporter-output>
          </reporter-output>
        </test-method> <!-- teardown -->
      </class> <!-- com.crm.qa.testcases.HomePageTest -->
      <class name="com.crm.qa.testcases.LoginPageTest">
        <test-method is-config="true" signature="setUp()[pri:0, instance:com.crm.qa.testcases.LoginPageTest@4a07d605]" started-at="2024-10-29T14:48:26 EDT" name="setUp" finished-at="2024-10-29T14:48:31 EDT" duration-ms="4766" status="PASS">
          <reporter-output>
          </reporter-output>
        </test-method> <!-- setUp -->
        <test-method signature="loginPagetitleTest()[pri:1, instance:com.crm.qa.testcases.LoginPageTest@4a07d605]" started-at="2024-10-29T14:48:31 EDT" name="loginPagetitleTest" finished-at="2024-10-29T14:48:31 EDT" duration-ms="17" status="PASS">
          <reporter-output>
          </reporter-output>
        </test-method> <!-- loginPagetitleTest -->
        <test-method is-config="true" signature="tearDown()[pri:0, instance:com.crm.qa.testcases.LoginPageTest@4a07d605]" started-at="2024-10-29T14:48:31 EDT" name="tearDown" finished-at="2024-10-29T14:48:31 EDT" duration-ms="183" status="PASS">
          <reporter-output>
          </reporter-output>
        </test-method> <!-- tearDown -->
        <test-method is-config="true" signature="setUp()[pri:0, instance:com.crm.qa.testcases.LoginPageTest@4a07d605]" started-at="2024-10-29T14:48:31 EDT" name="setUp" finished-at="2024-10-29T14:48:34 EDT" duration-ms="3455" status="PASS">
          <reporter-output>
          </reporter-output>
        </test-method> <!-- setUp -->
        <test-method signature="loginTest()[pri:2, instance:com.crm.qa.testcases.LoginPageTest@4a07d605]" started-at="2024-10-29T14:48:34 EDT" name="loginTest" finished-at="2024-10-29T14:48:36 EDT" duration-ms="1370" status="PASS">
          <reporter-output>
          </reporter-output>
        </test-method> <!-- loginTest -->
        <test-method is-config="true" signature="tearDown()[pri:0, instance:com.crm.qa.testcases.LoginPageTest@4a07d605]" started-at="2024-10-29T14:48:36 EDT" name="tearDown" finished-at="2024-10-29T14:48:36 EDT" duration-ms="174" status="PASS">
          <reporter-output>
          </reporter-output>
        </test-method> <!-- tearDown -->
      </class> <!-- com.crm.qa.testcases.LoginPageTest -->
    </test> <!-- Free CRM App Test Cases -->
  </suite> <!-- FREE CRM Application Test Automation Test Suite -->
</testng-results>
